#
# There is insufficient memory for the Java Runtime Environment to continue.
# Native memory allocation (malloc) failed to allocate 66060288 bytes for committing reserved memory.
# Possible reasons:
#   The system is out of physical RAM or swap space
#   In 32 bit mode, the process size limit was hit
# Possible solutions:
#   Reduce memory load on the system
#   Increase physical memory or swap space
#   Check if swap backing store is full
#   Use 64 bit Java on a 64 bit OS
#   Decrease Java heap size (-Xmx/-Xms)
#   Decrease number of Java threads
#   Decrease Java thread stack sizes (-Xss)
#   Set larger code cache with -XX:ReservedCodeCacheSize=
# This output file may be truncated or incomplete.
#
#  Out of Memory Error (os_linux.cpp:2756), pid=8442, tid=140648655193856
#
# JRE version: Java(TM) SE Runtime Environment (7.0_80-b15) (build 1.7.0_80-b15)
# Java VM: Java HotSpot(TM) 64-Bit Server VM (24.80-b11 mixed mode linux-amd64 compressed oops)
# Failed to write core dump. Core dumps have been disabled. To enable core dumping, try "ulimit -c unlimited" before starting Java again
#

---------------  T H R E A D  ---------------

Current thread (0x00007feb58072800):  VMThread [stack: 0x00007feb51118000,0x00007feb51219000] [id=8453]

Stack: [0x00007feb51118000,0x00007feb51219000],  sp=0x00007feb51217240,  free space=1020k
Native frames: (J=compiled Java code, j=interpreted, Vv=VM code, C=native code)
V  [libjvm.so+0x9a320a]  VMError::report_and_die()+0x2ea
V  [libjvm.so+0x498d3b]  report_vm_out_of_memory(char const*, int, unsigned long, char const*)+0x9b
V  [libjvm.so+0x82191e]  os::Linux::commit_memory_impl(char*, unsigned long, bool)+0xfe
V  [libjvm.so+0x821e69]  os::pd_commit_memory(char*, unsigned long, unsigned long, bool)+0x29
V  [libjvm.so+0x81bb6a]  os::commit_memory(char*, unsigned long, unsigned long, bool)+0x2a
V  [libjvm.so+0x88d623]  PSVirtualSpace::expand_by(unsigned long)+0x53
V  [libjvm.so+0x88e9f8]  PSYoungGen::resize_generation(unsigned long, unsigned long)+0xf8
V  [libjvm.so+0x88db62]  PSYoungGen::resize(unsigned long, unsigned long)+0x22
V  [libjvm.so+0x88af1d]  PSScavenge::invoke_no_policy()+0xf3d
V  [libjvm.so+0x88b761]  PSScavenge::invoke()+0x41
V  [libjvm.so+0x843f40]  ParallelScavengeHeap::failed_mem_allocate(unsigned long)+0x70
V  [libjvm.so+0x9a4a97]  VM_ParallelGCFailedAllocation::doit()+0x97
V  [libjvm.so+0x9abf35]  VM_Operation::evaluate()+0x55
V  [libjvm.so+0x9aa2fa]  VMThread::evaluate_operation(VM_Operation*)+0xba
V  [libjvm.so+0x9aa67e]  VMThread::loop()+0x1ce
V  [libjvm.so+0x9aaaf0]  VMThread::run()+0x70
V  [libjvm.so+0x8238c8]  java_start(Thread*)+0x108

VM_Operation (0x00007feb5e26d860): ParallelGCFailedAllocation, mode: safepoint, requested by thread 0x00007feb5800a000


---------------  P R O C E S S  ---------------

Java Threads: ( => current thread )
  0x00007feb5868e000 JavaThread "process reaper" daemon [_thread_blocked, id=8571, stack(0x00007feb2bd66000,0x00007feb2bd9f000)]
  0x00007feb580a1800 JavaThread "Service Thread" daemon [_thread_blocked, id=8461, stack(0x00007feb5042e000,0x00007feb5052f000)]
  0x00007feb5809f800 JavaThread "C2 CompilerThread1" daemon [_thread_blocked, id=8460, stack(0x00007feb5052f000,0x00007feb50630000)]
  0x00007feb5809c800 JavaThread "C2 CompilerThread0" daemon [_thread_blocked, id=8459, stack(0x00007feb50630000,0x00007feb50731000)]
  0x00007feb5809a000 JavaThread "Signal Dispatcher" daemon [_thread_blocked, id=8458, stack(0x00007feb50731000,0x00007feb50832000)]
  0x00007feb58079000 JavaThread "Finalizer" daemon [_thread_blocked, id=8455, stack(0x00007feb50f16000,0x00007feb51017000)]
  0x00007feb58077000 JavaThread "Reference Handler" daemon [_thread_blocked, id=8454, stack(0x00007feb51017000,0x00007feb51118000)]
  0x00007feb5800a000 JavaThread "main" [_thread_blocked, id=8444, stack(0x00007feb5e175000,0x00007feb5e276000)]

Other Threads:
=>0x00007feb58072800 VMThread [stack: 0x00007feb51118000,0x00007feb51219000] [id=8453]
  0x00007feb580ac000 WatcherThread [stack: 0x00007feb5032d000,0x00007feb5042e000] [id=8462]

VM state:at safepoint (normal execution)

VM Mutex/Monitor currently owned by a thread:  ([mutex/lock_event])
[0x00007feb580062d0] Threads_lock - owner thread: 0x00007feb58072800
[0x00007feb580067d0] Heap_lock - owner thread: 0x00007feb5800a000

Heap
 PSYoungGen      total 69632K, used 5091K [0x00000007d6e00000, 0x00000007db700000, 0x0000000800000000)
  eden space 64512K, 0% used [0x00000007d6e00000,0x00000007d6e00000,0x00000007dad00000)
  from space 5120K, 99% used [0x00000007dad00000,0x00000007db1f8f80,0x00000007db200000)
  to   space 5120K, 0% used [0x00000007db200000,0x00000007db200000,0x00000007db700000)
 ParOldGen       total 83968K, used 6593K [0x0000000784a00000, 0x0000000789c00000, 0x00000007d6e00000)
  object space 83968K, 7% used [0x0000000784a00000,0x0000000785070780,0x0000000789c00000)
 PSPermGen       total 21504K, used 14004K [0x000000077f800000, 0x0000000780d00000, 0x0000000784a00000)
  object space 21504K, 65% used [0x000000077f800000,0x00000007805ad340,0x0000000780d00000)

Card table byte_map: [0x00007feb53f7c000,0x00007feb54381000] byte_map_base: 0x00007feb50380000

Polling page: 0x00007feb5e299000

Code Cache  [0x00007feb54381000, 0x00007feb545f1000, 0x00007feb57381000)
 total_blobs=478 nmethods=209 adapters=222 free_code_cache=48297Kb largest_free_block=49427392

Compilation events (10 events):
Event: 41,887 Thread 0x00007feb5809c800 nmethod 221 0x00007feb54457f10 code [0x00007feb54458060, 0x00007feb54458278]
Event: 41,887 Thread 0x00007feb5809c800  222             java.lang.StringCoding::safeTrim (24 bytes)
Event: 41,887 Thread 0x00007feb5809f800 nmethod 220 0x00007feb5444c090 code [0x00007feb5444c200, 0x00007feb5444c6c8]
Event: 41,887 Thread 0x00007feb5809f800  223             java.lang.StringCoding$StringEncoder::requestedCharsetName (5 bytes)
Event: 41,887 Thread 0x00007feb5809f800 nmethod 223 0x00007feb5440e950 code [0x00007feb5440ea80, 0x00007feb5440eaf8]
Event: 41,887 Thread 0x00007feb5809f800  224             java.lang.AbstractStringBuilder::append (48 bytes)
Event: 41,889 Thread 0x00007feb5809c800 nmethod 222 0x00007feb5444bc10 code [0x00007feb5444bd60, 0x00007feb5444bf78]
Event: 41,889 Thread 0x00007feb5809c800  225 %           sun.net.www.ParseUtil::encodePath @ 29 (336 bytes)
Event: 41,896 Thread 0x00007feb5809f800 nmethod 224 0x00007feb5445d3d0 code [0x00007feb5445d540, 0x00007feb5445d958]
Event: 41,896 Thread 0x00007feb5809f800  226             org.apache.tools.ant.types.selectors.SelectorUtils::match (479 bytes)

GC Heap History (5 events):
Event: 5,550 GC heap before
{Heap before GC invocations=1 (full 0):
 PSYoungGen      total 37376K, used 32256K [0x00000007d6e00000, 0x00000007d9780000, 0x0000000800000000)
  eden space 32256K, 100% used [0x00000007d6e00000,0x00000007d8d80000,0x00000007d8d80000)
  from space 5120K, 0% used [0x00000007d9280000,0x00000007d9280000,0x00000007d9780000)
  to   space 5120K, 0% used [0x00000007d8d80000,0x00000007d8d80000,0x00000007d9280000)
 ParOldGen       total 83968K, used 0K [0x0000000784a00000, 0x0000000789c00000, 0x00000007d6e00000)
  object space 83968K, 0% used [0x0000000784a00000,0x0000000784a00000,0x0000000789c00000)
 PSPermGen       total 21504K, used 9312K [0x000000077f800000, 0x0000000780d00000, 0x0000000784a00000)
  object space 21504K, 43% used [0x000000077f800000,0x00000007801183f8,0x0000000780d00000)
Event: 5,851 GC heap after
Heap after GC invocations=1 (full 0):
 PSYoungGen      total 37376K, used 5113K [0x00000007d6e00000, 0x00000007db700000, 0x0000000800000000)
  eden space 32256K, 0% used [0x00000007d6e00000,0x00000007d6e00000,0x00000007d8d80000)
  from space 5120K, 99% used [0x00000007d8d80000,0x00000007d927e630,0x00000007d9280000)
  to   space 5120K, 0% used [0x00000007db200000,0x00000007db200000,0x00000007db700000)
 ParOldGen       total 83968K, used 1875K [0x0000000784a00000, 0x0000000789c00000, 0x00000007d6e00000)
  object space 83968K, 2% used [0x0000000784a00000,0x0000000784bd4c78,0x0000000789c00000)
 PSPermGen       total 21504K, used 9312K [0x000000077f800000, 0x0000000780d00000, 0x0000000784a00000)
  object space 21504K, 43% used [0x000000077f800000,0x00000007801183f8,0x0000000780d00000)
}
Event: 31,722 GC heap before
{Heap before GC invocations=2 (full 0):
 PSYoungGen      total 37376K, used 37369K [0x00000007d6e00000, 0x00000007db700000, 0x0000000800000000)
  eden space 32256K, 100% used [0x00000007d6e00000,0x00000007d8d80000,0x00000007d8d80000)
  from space 5120K, 99% used [0x00000007d8d80000,0x00000007d927e630,0x00000007d9280000)
  to   space 5120K, 0% used [0x00000007db200000,0x00000007db200000,0x00000007db700000)
 ParOldGen       total 83968K, used 1875K [0x0000000784a00000, 0x0000000789c00000, 0x00000007d6e00000)
  object space 83968K, 2% used [0x0000000784a00000,0x0000000784bd4c78,0x0000000789c00000)
 PSPermGen       total 21504K, used 10869K [0x000000077f800000, 0x0000000780d00000, 0x0000000784a00000)
  object space 21504K, 50% used [0x000000077f800000,0x000000078029d498,0x0000000780d00000)
Event: 31,993 GC heap after
Heap after GC invocations=2 (full 0):
 PSYoungGen      total 69632K, used 5099K [0x00000007d6e00000, 0x00000007db700000, 0x0000000800000000)
  eden space 64512K, 0% used [0x00000007d6e00000,0x00000007d6e00000,0x00000007dad00000)
  from space 5120K, 99% used [0x00000007db200000,0x00000007db6faf58,0x00000007db700000)
  to   space 5120K, 0% used [0x00000007dad00000,0x00000007dad00000,0x00000007db200000)
 ParOldGen       total 83968K, used 3119K [0x0000000784a00000, 0x0000000789c00000, 0x00000007d6e00000)
  object space 83968K, 3% used [0x0000000784a00000,0x0000000784d0bd40,0x0000000789c00000)
 PSPermGen       total 21504K, used 10869K [0x000000077f800000, 0x0000000780d00000, 0x0000000784a00000)
  object space 21504K, 50% used [0x000000077f800000,0x000000078029d498,0x0000000780d00000)
}
Event: 41,918 GC heap before
{Heap before GC invocations=3 (full 0):
 PSYoungGen      total 69632K, used 69611K [0x00000007d6e00000, 0x00000007db700000, 0x0000000800000000)
  eden space 64512K, 100% used [0x00000007d6e00000,0x00000007dad00000,0x00000007dad00000)
  from space 5120K, 99% used [0x00000007db200000,0x00000007db6faf58,0x00000007db700000)
  to   space 5120K, 0% used [0x00000007dad00000,0x00000007dad00000,0x00000007db200000)
 ParOldGen       total 83968K, used 3119K [0x0000000784a00000, 0x0000000789c00000, 0x00000007d6e00000)
  object space 83968K, 3% used [0x0000000784a00000,0x0000000784d0bd40,0x0000000789c00000)
 PSPermGen       total 21504K, used 14004K [0x000000077f800000, 0x0000000780d00000, 0x0000000784a00000)
  object space 21504K, 65% used [0x000000077f800000,0x00000007805ad340,0x0000000780d00000)

Deoptimization events (10 events):
Event: 31,365 Thread 0x00007feb5800a000 Uncommon trap: reason=class_check action=maybe_recompile pc=0x00007feb54426080 method=java.util.regex.Pattern$Curly.match0(Ljava/util/regex/Matcher;IILjava/lang/CharSequence;)Z @ 141
Event: 31,377 Thread 0x00007feb5800a000 Uncommon trap: reason=class_check action=maybe_recompile pc=0x00007feb54426080 method=java.util.regex.Pattern$Curly.match0(Ljava/util/regex/Matcher;IILjava/lang/CharSequence;)Z @ 141
Event: 31,389 Thread 0x00007feb5800a000 Uncommon trap: reason=class_check action=maybe_recompile pc=0x00007feb54426080 method=java.util.regex.Pattern$Curly.match0(Ljava/util/regex/Matcher;IILjava/lang/CharSequence;)Z @ 141
Event: 31,607 Thread 0x00007feb5800a000 Uncommon trap: reason=unstable_if action=reinterpret pc=0x00007feb54435de0 method=java.io.BufferedReader.readLine(Z)Ljava/lang/String; @ 160
Event: 32,562 Thread 0x00007feb5800a000 Uncommon trap: reason=unstable_if action=reinterpret pc=0x00007feb5440c7b0 method=java.net.URI.match(CJJ)Z @ 19
Event: 32,567 Thread 0x00007feb5800a000 Uncommon trap: reason=unstable_if action=reinterpret pc=0x00007feb54409738 method=java.net.URI.match(CJJ)Z @ 19
Event: 32,568 Thread 0x00007feb5800a000 Uncommon trap: reason=unstable_if action=reinterpret pc=0x00007feb54406414 method=java.net.URI.match(CJJ)Z @ 19
Event: 32,581 Thread 0x00007feb5800a000 Uncommon trap: reason=unstable_if action=reinterpret pc=0x00007feb544311a8 method=java.util.Properties.load0(Ljava/util/Properties$LineReader;)V @ 145
Event: 32,856 Thread 0x00007feb5800a000 Uncommon trap: reason=unstable_if action=reinterpret pc=0x00007feb544336bc method=java.util.regex.Pattern$Slice.match(Ljava/util/regex/Matcher;ILjava/lang/CharSequence;)Z @ 18
Event: 38,627 Thread 0x00007feb5800a000 Uncommon trap: reason=unstable_if action=reinterpret pc=0x00007feb5441d8b4 method=java.lang.String.lastIndexOf([CII[CIII)I @ 118

Internal exceptions (10 events):
Event: 41,896 Thread 0x00007feb5800a000 Threw 0x00000007daccd1a8 at /HUDSON/workspace/7u-2-build-linux-amd64/jdk7u80/2329/hotspot/src/share/vm/prims/jvm.cpp:1319
Event: 41,896 Thread 0x00007feb5800a000 Threw 0x00000007dacce060 at /HUDSON/workspace/7u-2-build-linux-amd64/jdk7u80/2329/hotspot/src/share/vm/prims/jvm.cpp:1319
Event: 41,899 Thread 0x00007feb5800a000 Threw 0x00000007dacf0ab8 at /HUDSON/workspace/7u-2-build-linux-amd64/jdk7u80/2329/hotspot/src/share/vm/prims/jvm.cpp:1319
Event: 41,899 Thread 0x00007feb5800a000 Threw 0x00000007dacf1a08 at /HUDSON/workspace/7u-2-build-linux-amd64/jdk7u80/2329/hotspot/src/share/vm/prims/jvm.cpp:1319
Event: 41,901 Thread 0x00007feb5800a000 Threw 0x00000007dacf47c8 at /HUDSON/workspace/7u-2-build-linux-amd64/jdk7u80/2329/hotspot/src/share/vm/prims/jvm.cpp:1319
Event: 41,901 Thread 0x00007feb5800a000 Threw 0x00000007dacf57b0 at /HUDSON/workspace/7u-2-build-linux-amd64/jdk7u80/2329/hotspot/src/share/vm/prims/jvm.cpp:1319
Event: 41,902 Thread 0x00007feb5800a000 Threw 0x00000007dacf86e8 at /HUDSON/workspace/7u-2-build-linux-amd64/jdk7u80/2329/hotspot/src/share/vm/prims/jvm.cpp:1319
Event: 41,902 Thread 0x00007feb5800a000 Threw 0x00000007dacf9668 at /HUDSON/workspace/7u-2-build-linux-amd64/jdk7u80/2329/hotspot/src/share/vm/prims/jvm.cpp:1319
Event: 41,906 Thread 0x00007feb5800a000 Threw 0x00000007dacfd8b8 at /HUDSON/workspace/7u-2-build-linux-amd64/jdk7u80/2329/hotspot/src/share/vm/prims/jvm.cpp:1319
Event: 41,906 Thread 0x00007feb5800a000 Threw 0x00000007dacfe8a8 at /HUDSON/workspace/7u-2-build-linux-amd64/jdk7u80/2329/hotspot/src/share/vm/prims/jvm.cpp:1319

Events (10 events):
Event: 41,896 loading class 0x00007feb586cb110 done
Event: 41,899 loading class 0x00007feb586e17c0
Event: 41,899 loading class 0x00007feb586e17c0 done
Event: 41,901 loading class 0x00007feb58697e20
Event: 41,901 loading class 0x00007feb58697e20 done
Event: 41,902 loading class 0x00007feb586cb490
Event: 41,902 loading class 0x00007feb586cb490 done
Event: 41,906 loading class 0x00007feb586cb0d0
Event: 41,906 loading class 0x00007feb586cb0d0 done
Event: 41,913 Executing VM operation: ParallelGCFailedAllocation


Dynamic libraries:
00400000-00401000 r-xp 00000000 08:05 799736                             /usr/lib/jvm/java-7-oracle/jre/bin/java
00600000-00601000 rw-p 00000000 08:05 799736                             /usr/lib/jvm/java-7-oracle/jre/bin/java
01f64000-01f85000 rw-p 00000000 00:00 0                                  [heap]
77f800000-780d00000 rw-p 00000000 00:00 0 
780d00000-784a00000 rw-p 00000000 00:00 0 
784a00000-789c00000 rw-p 00000000 00:00 0 
789c00000-7d6e00000 rw-p 00000000 00:00 0 
7d6e00000-7db700000 rw-p 00000000 00:00 0 
7df600000-800000000 rw-p 00000000 00:00 0 
7feaf4000000-7feaf4021000 rw-p 00000000 00:00 0 
7feaf4021000-7feaf8000000 ---p 00000000 00:00 0 
7feafc000000-7feafc021000 rw-p 00000000 00:00 0 
7feafc021000-7feb00000000 ---p 00000000 00:00 0 
7feb00000000-7feb00021000 rw-p 00000000 00:00 0 
7feb00021000-7feb04000000 ---p 00000000 00:00 0 
7feb04000000-7feb04021000 rw-p 00000000 00:00 0 
7feb04021000-7feb08000000 ---p 00000000 00:00 0 
7feb08000000-7feb08021000 rw-p 00000000 00:00 0 
7feb08021000-7feb0c000000 ---p 00000000 00:00 0 
7feb0c000000-7feb0c2e5000 rw-p 00000000 00:00 0 
7feb0c2e5000-7feb10000000 ---p 00000000 00:00 0 
7feb10000000-7feb10021000 rw-p 00000000 00:00 0 
7feb10021000-7feb14000000 ---p 00000000 00:00 0 
7feb14000000-7feb14021000 rw-p 00000000 00:00 0 
7feb14021000-7feb18000000 ---p 00000000 00:00 0 
7feb18000000-7feb18366000 rw-p 00000000 00:00 0 
7feb18366000-7feb1c000000 ---p 00000000 00:00 0 
7feb1c000000-7feb1c021000 rw-p 00000000 00:00 0 
7feb1c021000-7feb20000000 ---p 00000000 00:00 0 
7feb20000000-7feb20021000 rw-p 00000000 00:00 0 
7feb20021000-7feb24000000 ---p 00000000 00:00 0 
7feb24000000-7feb24021000 rw-p 00000000 00:00 0 
7feb24021000-7feb28000000 ---p 00000000 00:00 0 
7feb2b7f6000-7feb2ba40000 rw-p 00000000 00:00 0 
7feb2ba40000-7feb2ba63000 r--p 00000000 08:05 1082428                    /usr/share/locale-langpack/it/LC_MESSAGES/libc.mo
7feb2ba63000-7feb2ba66000 ---p 00000000 00:00 0 
7feb2ba66000-7feb2bb64000 rw-p 00000000 00:00 0 
7feb2bb64000-7feb2bb67000 ---p 00000000 00:00 0 
7feb2bb67000-7feb2bc65000 rw-p 00000000 00:00 0 
7feb2bc65000-7feb2bc68000 ---p 00000000 00:00 0 
7feb2bc68000-7feb2bd66000 rw-p 00000000 00:00 0 
7feb2bd66000-7feb2bd69000 ---p 00000000 00:00 0 
7feb2bd69000-7feb2bd9f000 rw-p 00000000 00:00 0                          [stack:8571]
7feb2bd9f000-7feb2bda9000 r--s 00253000 08:05 800504                     /usr/lib/jvm/java-7-oracle/jre/lib/resources.jar
7feb2bda9000-7feb2bdc0000 r-xp 00000000 08:05 800423                     /usr/lib/jvm/java-7-oracle/jre/lib/amd64/libnet.so
7feb2bdc0000-7feb2bfbf000 ---p 00017000 08:05 800423                     /usr/lib/jvm/java-7-oracle/jre/lib/amd64/libnet.so
7feb2bfbf000-7feb2bfc0000 rw-p 00016000 08:05 800423                     /usr/lib/jvm/java-7-oracle/jre/lib/amd64/libnet.so
7feb2bfc0000-7feb30000000 rw-p 00000000 00:00 0 
7feb30000000-7feb30021000 rw-p 00000000 00:00 0 
7feb30021000-7feb34000000 ---p 00000000 00:00 0 
7feb34000000-7feb34021000 rw-p 00000000 00:00 0 
7feb34021000-7feb38000000 ---p 00000000 00:00 0 
7feb38000000-7feb38021000 rw-p 00000000 00:00 0 
7feb38021000-7feb3c000000 ---p 00000000 00:00 0 
7feb3c000000-7feb3c021000 rw-p 00000000 00:00 0 
7feb3c021000-7feb40000000 ---p 00000000 00:00 0 
7feb40000000-7feb40021000 rw-p 00000000 00:00 0 
7feb40021000-7feb44000000 ---p 00000000 00:00 0 
7feb44000000-7feb44021000 rw-p 00000000 00:00 0 
7feb44021000-7feb48000000 ---p 00000000 00:00 0 
7feb48000000-7feb48021000 rw-p 00000000 00:00 0 
7feb48021000-7feb4c000000 ---p 00000000 00:00 0 
7feb4c000000-7feb4c021000 rw-p 00000000 00:00 0 
7feb4c021000-7feb50000000 ---p 00000000 00:00 0 
7feb50000000-7feb50007000 r--s 00000000 08:05 1049033                    /usr/lib/x86_64-linux-gnu/gconv/gconv-modules.cache
7feb50007000-7feb50009000 r--s 00008000 08:07 6297167                    /home/chin8/Documents/work/programming/android/android-sdk-linux/tools/lib/emma_ant.jar
7feb50009000-7feb50011000 r--s 00061000 08:07 6297127                    /home/chin8/Documents/work/programming/android/android-sdk-linux/tools/lib/emma.jar
7feb50011000-7feb50016000 r--s 00044000 08:07 6297207                    /home/chin8/Documents/work/programming/android/android-sdk-linux/tools/lib/ddmlib.jar
7feb50016000-7feb50018000 r--s 00003000 08:07 6297178                    /home/chin8/Documents/work/programming/android/android-sdk-linux/tools/lib/builder-model.jar
7feb50018000-7feb50021000 r--s 00071000 08:07 6297191                    /home/chin8/Documents/work/programming/android/android-sdk-linux/tools/lib/sdk-common.jar
7feb50021000-7feb50023000 r--s 0000d000 08:07 6297166                    /home/chin8/Documents/work/programming/android/android-sdk-linux/tools/lib/commons-codec-1.4.jar
7feb50023000-7feb50025000 r--s 0000d000 08:07 6297230                    /home/chin8/Documents/work/programming/android/android-sdk-linux/tools/lib/commons-logging-1.1.1.jar
7feb50025000-7feb5002a000 r--s 00028000 08:07 6297211                    /home/chin8/Documents/work/programming/android/android-sdk-linux/tools/lib/httpcore-4.1.jar
7feb5002a000-7feb5002c000 r--s 00005000 08:07 6297195                    /home/chin8/Documents/work/programming/android/android-sdk-linux/tools/lib/httpmime-4.1.jar
7feb5002c000-7feb50034000 r--s 0004e000 08:07 6297181                    /home/chin8/Documents/work/programming/android/android-sdk-linux/tools/lib/httpclient-4.1.1.jar
7feb50034000-7feb5003b000 r--s 00053000 08:07 6297204                    /home/chin8/Documents/work/programming/android/android-sdk-linux/tools/lib/commons-compress-1.8.1.jar
7feb5003b000-7feb50040000 r--s 0002a000 08:07 6297216                    /home/chin8/Documents/work/programming/android/android-sdk-linux/tools/lib/gson-2.2.4.jar
7feb50040000-7feb50041000 r--s 00004000 08:07 6297239                    /home/chin8/Documents/work/programming/android/android-sdk-linux/tools/lib/dvlib.jar
7feb50041000-7feb50044000 r--s 00012000 08:07 6297173                    /home/chin8/Documents/work/programming/android/android-sdk-linux/tools/lib/layoutlib-api.jar
7feb50044000-7feb5004e000 r--s 000a8000 08:07 6297241                    /home/chin8/Documents/work/programming/android/android-sdk-linux/tools/lib/sdklib.jar
7feb5004e000-7feb50079000 r--s 001f9000 08:07 6297177                    /home/chin8/Documents/work/programming/android/android-sdk-linux/tools/lib/guava-17.0.jar
7feb50079000-7feb50089000 r-xp 00000000 08:05 800462                     /usr/lib/jvm/java-7-oracle/jre/lib/amd64/libnio.so
7feb50089000-7feb50289000 ---p 00010000 08:05 800462                     /usr/lib/jvm/java-7-oracle/jre/lib/amd64/libnio.so
7feb50289000-7feb5028a000 rw-p 00010000 08:05 800462                     /usr/lib/jvm/java-7-oracle/jre/lib/amd64/libnio.so
7feb5028a000-7feb502f5000 r--s 00e21000 08:05 825791                     /usr/lib/jvm/java-7-oracle/lib/tools.jar
7feb502f5000-7feb50314000 r--s 001cc000 08:05 1052835                    /usr/share/java/ant-1.9.3.jar
7feb50314000-7feb5032d000 r--s 00132000 08:05 1045466                    /usr/share/java/xercesImpl-2.11.0.jar
7feb5032d000-7feb5032e000 ---p 00000000 00:00 0 
7feb5032e000-7feb5042e000 rw-p 00000000 00:00 0                          [stack:8462]
7feb5042e000-7feb50431000 ---p 00000000 00:00 0 
7feb50431000-7feb5052f000 rw-p 00000000 00:00 0                          [stack:8461]
7feb5052f000-7feb50532000 ---p 00000000 00:00 0 
7feb50532000-7feb50630000 rw-p 00000000 00:00 0                          [stack:8460]
7feb50630000-7feb50633000 ---p 00000000 00:00 0 
7feb50633000-7feb50731000 rw-p 00000000 00:00 0                          [stack:8459]
7feb50731000-7feb50734000 ---p 00000000 00:00 0 
7feb50734000-7feb50832000 rw-p 00000000 00:00 0                          [stack:8458]
7feb50832000-7feb50f16000 r--p 00000000 08:05 792063                     /usr/lib/locale/locale-archive
7feb50f16000-7feb50f19000 ---p 00000000 00:00 0 
7feb50f19000-7feb51017000 rw-p 00000000 00:00 0                          [stack:8455]
7feb51017000-7feb5101a000 ---p 00000000 00:00 0 
7feb5101a000-7feb51118000 rw-p 00000000 00:00 0                          [stack:8454]
7feb51118000-7feb51119000 ---p 00000000 00:00 0 
7feb51119000-7feb52ea8000 rw-p 00000000 00:00 0                          [stack:8453]
7feb52ea8000-7feb53068000 r--s 039fb000 08:05 800221                     /usr/lib/jvm/java-7-oracle/jre/lib/rt.jar
7feb53068000-7feb534e2000 rw-p 00000000 00:00 0 
7feb534e2000-7feb534e3000 ---p 00000000 00:00 0 
7feb534e3000-7feb535e3000 rw-p 00000000 00:00 0                          [stack:8452]
7feb535e3000-7feb535e4000 ---p 00000000 00:00 0 
7feb535e4000-7feb536e4000 rw-p 00000000 00:00 0                          [stack:8451]
7feb536e4000-7feb536e5000 ---p 00000000 00:00 0 
7feb536e5000-7feb537e5000 rw-p 00000000 00:00 0                          [stack:8450]
7feb537e5000-7feb537e6000 ---p 00000000 00:00 0 
7feb537e6000-7feb538e6000 rw-p 00000000 00:00 0                          [stack:8449]
7feb538e6000-7feb538e7000 ---p 00000000 00:00 0 
7feb538e7000-7feb539e7000 rw-p 00000000 00:00 0                          [stack:8448]
7feb539e7000-7feb539e8000 ---p 00000000 00:00 0 
7feb539e8000-7feb53ae8000 rw-p 00000000 00:00 0                          [stack:8447]
7feb53ae8000-7feb53ae9000 ---p 00000000 00:00 0 
7feb53ae9000-7feb53be9000 rw-p 00000000 00:00 0                          [stack:8446]
7feb53be9000-7feb53bea000 ---p 00000000 00:00 0 
7feb53bea000-7feb53d13000 rw-p 00000000 00:00 0                          [stack:8445]
7feb53d13000-7feb53f7c000 rw-p 00000000 00:00 0 
7feb53f7c000-7feb53f87000 rw-p 00000000 00:00 0 
7feb53f87000-7feb53fa5000 rw-p 00000000 00:00 0 
7feb53fa5000-7feb53fce000 rw-p 00000000 00:00 0 
7feb53fce000-7feb54237000 rw-p 00000000 00:00 0 
7feb54237000-7feb5425c000 rw-p 00000000 00:00 0 
7feb5425c000-7feb54380000 rw-p 00000000 00:00 0 
7feb54380000-7feb54381000 rw-p 00000000 00:00 0 
7feb54381000-7feb545f1000 rwxp 00000000 00:00 0 
7feb545f1000-7feb57381000 rw-p 00000000 00:00 0 
7feb57381000-7feb57398000 r-xp 00000000 08:05 800459                     /usr/lib/jvm/java-7-oracle/jre/lib/amd64/libzip.so
7feb57398000-7feb57598000 ---p 00017000 08:05 800459                     /usr/lib/jvm/java-7-oracle/jre/lib/amd64/libzip.so
7feb57598000-7feb57599000 rw-p 00017000 08:05 800459                     /usr/lib/jvm/java-7-oracle/jre/lib/amd64/libzip.so
7feb57599000-7feb575a4000 r-xp 00000000 08:05 168939                     /lib/x86_64-linux-gnu/libnss_files-2.19.so
7feb575a4000-7feb577a3000 ---p 0000b000 08:05 168939                     /lib/x86_64-linux-gnu/libnss_files-2.19.so
7feb577a3000-7feb577a4000 r--p 0000a000 08:05 168939                     /lib/x86_64-linux-gnu/libnss_files-2.19.so
7feb577a4000-7feb577a5000 rw-p 0000b000 08:05 168939                     /lib/x86_64-linux-gnu/libnss_files-2.19.so
7feb577a5000-7feb577b0000 r-xp 00000000 08:05 168966                     /lib/x86_64-linux-gnu/libnss_nis-2.19.so
7feb577b0000-7feb579af000 ---p 0000b000 08:05 168966                     /lib/x86_64-linux-gnu/libnss_nis-2.19.so
7feb579af000-7feb579b0000 r--p 0000a000 08:05 168966                     /lib/x86_64-linux-gnu/libnss_nis-2.19.so
7feb579b0000-7feb579b1000 rw-p 0000b000 08:05 168966                     /lib/x86_64-linux-gnu/libnss_nis-2.19.so
7feb579b1000-7feb579c8000 r-xp 00000000 08:05 168951                     /lib/x86_64-linux-gnu/libnsl-2.19.so
7feb579c8000-7feb57bc7000 ---p 00017000 08:05 168951                     /lib/x86_64-linux-gnu/libnsl-2.19.so
7feb57bc7000-7feb57bc8000 r--p 00016000 08:05 168951                     /lib/x86_64-linux-gnu/libnsl-2.19.so
7feb57bc8000-7feb57bc9000 rw-p 00017000 08:05 168951                     /lib/x86_64-linux-gnu/libnsl-2.19.so
7feb57bc9000-7feb57bcb000 rw-p 00000000 00:00 0 
7feb57bcb000-7feb57bd4000 r-xp 00000000 08:05 168950                     /lib/x86_64-linux-gnu/libnss_compat-2.19.so
7feb57bd4000-7feb57dd3000 ---p 00009000 08:05 168950                     /lib/x86_64-linux-gnu/libnss_compat-2.19.so
7feb57dd3000-7feb57dd4000 r--p 00008000 08:05 168950                     /lib/x86_64-linux-gnu/libnss_compat-2.19.so
7feb57dd4000-7feb57dd5000 rw-p 00009000 08:05 168950                     /lib/x86_64-linux-gnu/libnss_compat-2.19.so
7feb57dd5000-7feb57dfe000 r-xp 00000000 08:05 800418                     /usr/lib/jvm/java-7-oracle/jre/lib/amd64/libjava.so
7feb57dfe000-7feb57ffe000 ---p 00029000 08:05 800418                     /usr/lib/jvm/java-7-oracle/jre/lib/amd64/libjava.so
7feb57ffe000-7feb58000000 rw-p 00029000 08:05 800418                     /usr/lib/jvm/java-7-oracle/jre/lib/amd64/libjava.so
7feb58000000-7feb5872d000 rw-p 00000000 00:00 0 
7feb5872d000-7feb5c000000 ---p 00000000 00:00 0 
7feb5c000000-7feb5c001000 r--s 00004000 08:07 6297231                    /home/chin8/Documents/work/programming/android/android-sdk-linux/tools/lib/annotations-12.0.jar
7feb5c001000-7feb5c002000 r--s 0000a000 08:07 6297218                    /home/chin8/Documents/work/programming/android/android-sdk-linux/tools/lib/kxml2-2.3.0.jar
7feb5c002000-7feb5c004000 r--s 00000000 08:07 6297209                    /home/chin8/Documents/work/programming/android/android-sdk-linux/tools/lib/annotations.jar
7feb5c004000-7feb5c006000 r--s 00014000 08:07 6297197                    /home/chin8/Documents/work/programming/android/android-sdk-linux/tools/lib/common.jar
7feb5c006000-7feb5c009000 r--s 00026000 08:07 6297179                    /home/chin8/Documents/work/programming/android/android-sdk-linux/tools/lib/manifest-merger.jar
7feb5c009000-7feb5c00b000 r--s 00017000 08:07 6297171                    /home/chin8/Documents/work/programming/android/android-sdk-linux/tools/lib/ant-tasks.jar
7feb5c00b000-7feb5c00c000 r--s 00002000 08:05 1067725                    /usr/share/java/ant-commons-logging-1.9.3.jar
7feb5c00c000-7feb5c00f000 r--s 00014000 08:05 1067718                    /usr/share/java/ant-commons-net-1.9.3.jar
7feb5c00f000-7feb5c010000 r--s 00003000 08:05 1067722                    /usr/share/java/ant-jdepend-1.9.3.jar
7feb5c010000-7feb5c012000 r--s 00002000 08:05 1067719                    /usr/share/java/ant-junit4-1.9.3.jar
7feb5c012000-7feb5c013000 r--s 00003000 08:05 1067717                    /usr/share/java/ant-apache-bcel-1.9.3.jar
7feb5c013000-7feb5c0ca000 rw-p 00000000 00:00 0 
7feb5c0ca000-7feb5c0e8000 rw-p 00000000 00:00 0 
7feb5c0e8000-7feb5c0f5000 r-xp 00000000 08:05 800442                     /usr/lib/jvm/java-7-oracle/jre/lib/amd64/libverify.so
7feb5c0f5000-7feb5c2f4000 ---p 0000d000 08:05 800442                     /usr/lib/jvm/java-7-oracle/jre/lib/amd64/libverify.so
7feb5c2f4000-7feb5c2f6000 rw-p 0000c000 08:05 800442                     /usr/lib/jvm/java-7-oracle/jre/lib/amd64/libverify.so
7feb5c2f6000-7feb5c2fd000 r-xp 00000000 08:05 168962                     /lib/x86_64-linux-gnu/librt-2.19.so
7feb5c2fd000-7feb5c4fc000 ---p 00007000 08:05 168962                     /lib/x86_64-linux-gnu/librt-2.19.so
7feb5c4fc000-7feb5c4fd000 r--p 00006000 08:05 168962                     /lib/x86_64-linux-gnu/librt-2.19.so
7feb5c4fd000-7feb5c4fe000 rw-p 00007000 08:05 168962                     /lib/x86_64-linux-gnu/librt-2.19.so
7feb5c4fe000-7feb5c603000 r-xp 00000000 08:05 133322                     /lib/x86_64-linux-gnu/libm-2.19.so
7feb5c603000-7feb5c802000 ---p 00105000 08:05 133322                     /lib/x86_64-linux-gnu/libm-2.19.so
7feb5c802000-7feb5c803000 r--p 00104000 08:05 133322                     /lib/x86_64-linux-gnu/libm-2.19.so
7feb5c803000-7feb5c804000 rw-p 00105000 08:05 133322                     /lib/x86_64-linux-gnu/libm-2.19.so
7feb5c804000-7feb5d37a000 r-xp 00000000 08:05 800435                     /usr/lib/jvm/java-7-oracle/jre/lib/amd64/server/libjvm.so
7feb5d37a000-7feb5d579000 ---p 00b76000 08:05 800435                     /usr/lib/jvm/java-7-oracle/jre/lib/amd64/server/libjvm.so
7feb5d579000-7feb5d63d000 rw-p 00b75000 08:05 800435                     /usr/lib/jvm/java-7-oracle/jre/lib/amd64/server/libjvm.so
7feb5d63d000-7feb5d67e000 rw-p 00000000 00:00 0 
7feb5d67e000-7feb5d839000 r-xp 00000000 08:05 168958                     /lib/x86_64-linux-gnu/libc-2.19.so
7feb5d839000-7feb5da38000 ---p 001bb000 08:05 168958                     /lib/x86_64-linux-gnu/libc-2.19.so
7feb5da38000-7feb5da3c000 r--p 001ba000 08:05 168958                     /lib/x86_64-linux-gnu/libc-2.19.so
7feb5da3c000-7feb5da3e000 rw-p 001be000 08:05 168958                     /lib/x86_64-linux-gnu/libc-2.19.so
7feb5da3e000-7feb5da43000 rw-p 00000000 00:00 0 
7feb5da43000-7feb5da46000 r-xp 00000000 08:05 168943                     /lib/x86_64-linux-gnu/libdl-2.19.so
7feb5da46000-7feb5dc45000 ---p 00003000 08:05 168943                     /lib/x86_64-linux-gnu/libdl-2.19.so
7feb5dc45000-7feb5dc46000 r--p 00002000 08:05 168943                     /lib/x86_64-linux-gnu/libdl-2.19.so
7feb5dc46000-7feb5dc47000 rw-p 00003000 08:05 168943                     /lib/x86_64-linux-gnu/libdl-2.19.so
7feb5dc47000-7feb5dc5c000 r-xp 00000000 08:05 800415                     /usr/lib/jvm/java-7-oracle/jre/lib/amd64/jli/libjli.so
7feb5dc5c000-7feb5de5b000 ---p 00015000 08:05 800415                     /usr/lib/jvm/java-7-oracle/jre/lib/amd64/jli/libjli.so
7feb5de5b000-7feb5de5c000 rw-p 00014000 08:05 800415                     /usr/lib/jvm/java-7-oracle/jre/lib/amd64/jli/libjli.so
7feb5de5c000-7feb5de75000 r-xp 00000000 08:05 168959                     /lib/x86_64-linux-gnu/libpthread-2.19.so
7feb5de75000-7feb5e074000 ---p 00019000 08:05 168959                     /lib/x86_64-linux-gnu/libpthread-2.19.so
7feb5e074000-7feb5e075000 r--p 00018000 08:05 168959                     /lib/x86_64-linux-gnu/libpthread-2.19.so
7feb5e075000-7feb5e076000 rw-p 00019000 08:05 168959                     /lib/x86_64-linux-gnu/libpthread-2.19.so
7feb5e076000-7feb5e07a000 rw-p 00000000 00:00 0 
7feb5e07a000-7feb5e09d000 r-xp 00000000 08:05 168954                     /lib/x86_64-linux-gnu/ld-2.19.so
7feb5e09d000-7feb5e09e000 r--s 00002000 08:05 1067712                    /usr/share/java/ant-antlr-1.9.3.jar
7feb5e09e000-7feb5e09f000 r--s 00001000 08:05 1067721                    /usr/share/java/ant-apache-xalan2-1.9.3.jar
7feb5e09f000-7feb5e0a0000 r--s 00002000 08:05 1067715                    /usr/share/java/ant-apache-oro-1.9.3.jar
7feb5e0a0000-7feb5e0a1000 r--s 00004000 08:05 1052836                    /usr/share/java/ant-launcher-1.9.3.jar
7feb5e0a1000-7feb5e0a3000 r--s 0000a000 08:05 1067710                    /usr/share/java/ant-jsch-1.9.3.jar
7feb5e0a3000-7feb5e0a6000 r--s 0001a000 08:05 1067723                    /usr/share/java/ant-junit-1.9.3.jar
7feb5e0a6000-7feb5e0a7000 r--s 00003000 08:05 1067708                    /usr/share/java/ant-swing-1.9.3.jar
7feb5e0a7000-7feb5e0a8000 r--s 00002000 08:05 1067724                    /usr/share/java/ant-apache-resolver-1.9.3.jar
7feb5e0a8000-7feb5e0aa000 r--s 00001000 08:05 1067709                    /usr/share/java/ant-apache-log4j-1.9.3.jar
7feb5e0aa000-7feb5e0ac000 r--s 00002000 08:05 1067714                    /usr/share/java/ant-jmf-1.9.3.jar
7feb5e0ac000-7feb5e0b5000 r--s 00031000 08:05 1045442                    /usr/share/java/xml-apis-1.4.01.jar
7feb5e0b5000-7feb5e0bf000 rw-p 00000000 00:00 0 
7feb5e0bf000-7feb5e175000 rw-p 00000000 00:00 0 
7feb5e175000-7feb5e178000 ---p 00000000 00:00 0 
7feb5e178000-7feb5e27a000 rw-p 00000000 00:00 0                          [stack:8444]
7feb5e27a000-7feb5e27b000 r--s 00003000 08:05 1067716                    /usr/share/java/ant-javamail-1.9.3.jar
7feb5e27b000-7feb5e27c000 r--s 00002000 08:05 1067711                    /usr/share/java/ant-apache-regexp-1.9.3.jar
7feb5e27c000-7feb5e27d000 r--s 00002000 08:05 1067713                    /usr/share/java/ant-apache-bsf-1.9.3.jar
7feb5e27d000-7feb5e27f000 r--s 00004000 08:05 1067720                    /usr/share/java/ant-testutil-1.9.3.jar
7feb5e27f000-7feb5e281000 r--s 00015000 08:05 1045431                    /usr/share/java/xml-resolver-1.2.jar
7feb5e281000-7feb5e286000 r--s 00010000 08:05 1045441                    /usr/share/java/xml-apis-ext-1.4.01.jar
7feb5e286000-7feb5e28f000 r--s 00031000 08:05 1045442                    /usr/share/java/xml-apis-1.4.01.jar
7feb5e28f000-7feb5e290000 r--s 00004000 08:05 1052836                    /usr/share/java/ant-launcher-1.9.3.jar
7feb5e290000-7feb5e298000 rw-s 00000000 08:05 1056012                    /tmp/hsperfdata_chin8/8442
7feb5e298000-7feb5e299000 rw-p 00000000 00:00 0 
7feb5e299000-7feb5e29a000 ---p 00000000 00:00 0 
7feb5e29a000-7feb5e29c000 rw-p 00000000 00:00 0 
7feb5e29c000-7feb5e29d000 r--p 00022000 08:05 168954                     /lib/x86_64-linux-gnu/ld-2.19.so
7feb5e29d000-7feb5e29e000 rw-p 00023000 08:05 168954                     /lib/x86_64-linux-gnu/ld-2.19.so
7feb5e29e000-7feb5e29f000 rw-p 00000000 00:00 0 
7fff9038b000-7fff903ad000 rw-p 00000000 00:00 0                          [stack]
7fff903e9000-7fff903eb000 r-xp 00000000 00:00 0                          [vdso]
ffffffffff600000-ffffffffff601000 r-xp 00000000 00:00 0                  [vsyscall]

VM Arguments:
jvm_args: -Dant.home=/usr/share/ant -Dant.library.dir=/usr/share/ant/lib 
java_command: org.apache.tools.ant.launch.Launcher -cp  debug -f /home/chin8/Documents/work/IES CITIES/code/roveretopercorsi/sco.percorsi/percorsi-mobile/platforms/android/build.xml -Dout.dir=ant-build -Dgen.absolute.dir=ant-gen
Launcher Type: SUN_STANDARD

Environment Variables:
JAVA_HOME=/usr/lib/jvm/java-7-oracle
PATH=/home/chin8/Documents/work/programming/android/android-sdk-linux/tools/:/home/chin8/Documents/work/programming/android/android-sdk-linux/platform-tools/:/usr/local/sbin:/usr/local/bin:/usr/sbin:/usr/bin:/sbin:/bin:/usr/games:/usr/local/games
SHELL=/bin/bash
DISPLAY=:0

Signal Handlers:
SIGSEGV: [libjvm.so+0x9a3b20], sa_mask[0]=0x7ffbfeff, sa_flags=0x10000004
SIGBUS: [libjvm.so+0x9a3b20], sa_mask[0]=0x7ffbfeff, sa_flags=0x10000004
SIGFPE: [libjvm.so+0x81e740], sa_mask[0]=0x7ffbfeff, sa_flags=0x10000004
SIGPIPE: [libjvm.so+0x81e740], sa_mask[0]=0x7ffbfeff, sa_flags=0x10000004
SIGXFSZ: [libjvm.so+0x81e740], sa_mask[0]=0x7ffbfeff, sa_flags=0x10000004
SIGILL: [libjvm.so+0x81e740], sa_mask[0]=0x7ffbfeff, sa_flags=0x10000004
SIGUSR1: SIG_DFL, sa_mask[0]=0x00000000, sa_flags=0x00000000
SIGUSR2: [libjvm.so+0x81ffb0], sa_mask[0]=0x00000000, sa_flags=0x10000004
SIGHUP: [libjvm.so+0x8210d0], sa_mask[0]=0x7ffbfeff, sa_flags=0x10000004
SIGINT: [libjvm.so+0x8210d0], sa_mask[0]=0x7ffbfeff, sa_flags=0x10000004
SIGTERM: [libjvm.so+0x8210d0], sa_mask[0]=0x7ffbfeff, sa_flags=0x10000004
SIGQUIT: [libjvm.so+0x8210d0], sa_mask[0]=0x7ffbfeff, sa_flags=0x10000004


---------------  S Y S T E M  ---------------

OS:jessie/sid

uname:Linux 3.13.0-55-generic #94-Ubuntu SMP Thu Jun 18 00:27:10 UTC 2015 x86_64
libc:glibc 2.19 NPTL 2.19 
rlimit: STACK 8192k, CORE 0k, NPROC 62953, NOFILE 4096, AS infinity
load average:10,95 4,07 2,99

/proc/meminfo:
MemTotal:        8079704 kB
MemFree:          102816 kB
Buffers:             464 kB
Cached:          2020496 kB
SwapCached:        17256 kB
Active:          6342420 kB
Inactive:        1277904 kB
Active(anon):    6321896 kB
Inactive(anon):  1257216 kB
Active(file):      20524 kB
Inactive(file):    20688 kB
Unevictable:         896 kB
Mlocked:             896 kB
SwapTotal:       2047996 kB
SwapFree:              0 kB
Dirty:                 0 kB
Writeback:            72 kB
AnonPages:       5582584 kB
Mapped:           613024 kB
Shmem:           1981156 kB
Slab:             111024 kB
SReclaimable:      43108 kB
SUnreclaim:        67916 kB
KernelStack:        9656 kB
PageTables:       113760 kB
NFS_Unstable:          0 kB
Bounce:                0 kB
WritebackTmp:          0 kB
CommitLimit:     6087848 kB
Committed_AS:   22637356 kB
VmallocTotal:   34359738367 kB
VmallocUsed:      375608 kB
VmallocChunk:   34359335932 kB
HardwareCorrupted:     0 kB
AnonHugePages:    399360 kB
HugePages_Total:       0
HugePages_Free:        0
HugePages_Rsvd:        0
HugePages_Surp:        0
Hugepagesize:       2048 kB
DirectMap4k:       93828 kB
DirectMap2M:     6100992 kB
DirectMap1G:     2097152 kB


CPU:total 8 (4 cores per cpu, 2 threads per core) family 6 model 60 stepping 3, cmov, cx8, fxsr, mmx, sse, sse2, sse3, ssse3, sse4.1, sse4.2, popcnt, avx, avx2, aes, erms, ht, tsc, tscinvbit

/proc/cpuinfo:
processor	: 0
vendor_id	: GenuineIntel
cpu family	: 6
model		: 60
model name	: Intel(R) Core(TM) i7-4810MQ CPU @ 2.80GHz
stepping	: 3
microcode	: 0x1c
cpu MHz		: 2700.000
cache size	: 6144 KB
physical id	: 0
siblings	: 8
core id		: 0
cpu cores	: 4
apicid		: 0
initial apicid	: 0
fpu		: yes
fpu_exception	: yes
cpuid level	: 13
wp		: yes
flags		: fpu vme de pse tsc msr pae mce cx8 apic sep mtrr pge mca cmov pat pse36 clflush dts acpi mmx fxsr sse sse2 ss ht tm pbe syscall nx pdpe1gb rdtscp lm constant_tsc arch_perfmon pebs bts rep_good nopl xtopology nonstop_tsc aperfmperf eagerfpu pni pclmulqdq dtes64 monitor ds_cpl vmx smx est tm2 ssse3 fma cx16 xtpr pdcm pcid sse4_1 sse4_2 x2apic movbe popcnt tsc_deadline_timer aes xsave avx f16c rdrand lahf_lm abm ida arat epb xsaveopt pln pts dtherm tpr_shadow vnmi flexpriority ept vpid fsgsbase tsc_adjust bmi1 avx2 smep bmi2 erms invpcid
bogomips	: 5587.31
clflush size	: 64
cache_alignment	: 64
address sizes	: 39 bits physical, 48 bits virtual
power management:

processor	: 1
vendor_id	: GenuineIntel
cpu family	: 6
model		: 60
model name	: Intel(R) Core(TM) i7-4810MQ CPU @ 2.80GHz
stepping	: 3
microcode	: 0x1c
cpu MHz		: 2801.000
cache size	: 6144 KB
physical id	: 0
siblings	: 8
core id		: 1
cpu cores	: 4
apicid		: 2
initial apicid	: 2
fpu		: yes
fpu_exception	: yes
cpuid level	: 13
wp		: yes
flags		: fpu vme de pse tsc msr pae mce cx8 apic sep mtrr pge mca cmov pat pse36 clflush dts acpi mmx fxsr sse sse2 ss ht tm pbe syscall nx pdpe1gb rdtscp lm constant_tsc arch_perfmon pebs bts rep_good nopl xtopology nonstop_tsc aperfmperf eagerfpu pni pclmulqdq dtes64 monitor ds_cpl vmx smx est tm2 ssse3 fma cx16 xtpr pdcm pcid sse4_1 sse4_2 x2apic movbe popcnt tsc_deadline_timer aes xsave avx f16c rdrand lahf_lm abm ida arat epb xsaveopt pln pts dtherm tpr_shadow vnmi flexpriority ept vpid fsgsbase tsc_adjust bmi1 avx2 smep bmi2 erms invpcid
bogomips	: 5587.31
clflush size	: 64
cache_alignment	: 64
address sizes	: 39 bits physical, 48 bits virtual
power management:

processor	: 2
vendor_id	: GenuineIntel
cpu family	: 6
model		: 60
model name	: Intel(R) Core(TM) i7-4810MQ CPU @ 2.80GHz
stepping	: 3
microcode	: 0x1c
cpu MHz		: 2801.000
cache size	: 6144 KB
physical id	: 0
siblings	: 8
core id		: 2
cpu cores	: 4
apicid		: 4
initial apicid	: 4
fpu		: yes
fpu_exception	: yes
cpuid level	: 13
wp		: yes
flags		: fpu vme de pse tsc msr pae mce cx8 apic sep mtrr pge mca cmov pat pse36 clflush dts acpi mmx fxsr sse sse2 ss ht tm pbe syscall nx pdpe1gb rdtscp lm constant_tsc arch_perfmon pebs bts rep_good nopl xtopology nonstop_tsc aperfmperf eagerfpu pni pclmulqdq dtes64 monitor ds_cpl vmx smx est tm2 ssse3 fma cx16 xtpr pdcm pcid sse4_1 sse4_2 x2apic movbe popcnt tsc_deadline_timer aes xsave avx f16c rdrand lahf_lm abm ida arat epb xsaveopt pln pts dtherm tpr_shadow vnmi flexpriority ept vpid fsgsbase tsc_adjust bmi1 avx2 smep bmi2 erms invpcid
bogomips	: 5587.31
clflush size	: 64
cache_alignment	: 64
address sizes	: 39 bits physical, 48 bits virtual
power management:

processor	: 3
vendor_id	: GenuineIntel
cpu family	: 6
model		: 60
model name	: Intel(R) Core(TM) i7-4810MQ CPU @ 2.80GHz
stepping	: 3
microcode	: 0x1c
cpu MHz		: 2801.000
cache size	: 6144 KB
physical id	: 0
siblings	: 8
core id		: 3
cpu cores	: 4
apicid		: 6
initial apicid	: 6
fpu		: yes
fpu_exception	: yes
cpuid level	: 13
wp		: yes
flags		: fpu vme de pse tsc msr pae mce cx8 apic sep mtrr pge mca cmov pat pse36 clflush dts acpi mmx fxsr sse sse2 ss ht tm pbe syscall nx pdpe1gb rdtscp lm constant_tsc arch_perfmon pebs bts rep_good nopl xtopology nonstop_tsc aperfmperf eagerfpu pni pclmulqdq dtes64 monitor ds_cpl vmx smx est tm2 ssse3 fma cx16 xtpr pdcm pcid sse4_1 sse4_2 x2apic movbe popcnt tsc_deadline_timer aes xsave avx f16c rdrand lahf_lm abm ida arat epb xsaveopt pln pts dtherm tpr_shadow vnmi flexpriority ept vpid fsgsbase tsc_adjust bmi1 avx2 smep bmi2 erms invpcid
bogomips	: 5587.31
clflush size	: 64
cache_alignment	: 64
address sizes	: 39 bits physical, 48 bits virtual
power management:

processor	: 4
vendor_id	: GenuineIntel
cpu family	: 6
model		: 60
model name	: Intel(R) Core(TM) i7-4810MQ CPU @ 2.80GHz
stepping	: 3
microcode	: 0x1c
cpu MHz		: 900.000
cache size	: 6144 KB
physical id	: 0
siblings	: 8
core id		: 0
cpu cores	: 4
apicid		: 1
initial apicid	: 1
fpu		: yes
fpu_exception	: yes
cpuid level	: 13
wp		: yes
flags		: fpu vme de pse tsc msr pae mce cx8 apic sep mtrr pge mca cmov pat pse36 clflush dts acpi mmx fxsr sse sse2 ss ht tm pbe syscall nx pdpe1gb rdtscp lm constant_tsc arch_perfmon pebs bts rep_good nopl xtopology nonstop_tsc aperfmperf eagerfpu pni pclmulqdq dtes64 monitor ds_cpl vmx smx est tm2 ssse3 fma cx16 xtpr pdcm pcid sse4_1 sse4_2 x2apic movbe popcnt tsc_deadline_timer aes xsave avx f16c rdrand lahf_lm abm ida arat epb xsaveopt pln pts dtherm tpr_shadow vnmi flexpriority ept vpid fsgsbase tsc_adjust bmi1 avx2 smep bmi2 erms invpcid
bogomips	: 5587.31
clflush size	: 64
cache_alignment	: 64
address sizes	: 39 bits physical, 48 bits virtual
power management:

processor	: 5
vendor_id	: GenuineIntel
cpu family	: 6
model		: 60
model name	: Intel(R) Core(TM) i7-4810MQ CPU @ 2.80GHz
stepping	: 3
microcode	: 0x1c
cpu MHz		: 800.000
cache size	: 6144 KB
physical id	: 0
siblings	: 8
core id		: 1
cpu cores	: 4
apicid		: 3
initial apicid	: 3
fpu		: yes
fpu_exception	: yes
cpuid level	: 13
wp		: yes
flags		: fpu vme de pse tsc msr pae mce cx8 apic sep mtrr pge mca cmov pat pse36 clflush dts acpi mmx fxsr sse sse2 ss ht tm pbe syscall nx pdpe1gb rdtscp lm constant_tsc arch_perfmon pebs bts rep_good nopl xtopology nonstop_tsc aperfmperf eagerfpu pni pclmulqdq dtes64 monitor ds_cpl vmx smx est tm2 ssse3 fma cx16 xtpr pdcm pcid sse4_1 sse4_2 x2apic movbe popcnt tsc_deadline_timer aes xsave avx f16c rdrand lahf_lm abm ida arat epb xsaveopt pln pts dtherm tpr_shadow vnmi flexpriority ept vpid fsgsbase tsc_adjust bmi1 avx2 smep bmi2 erms invpcid
bogomips	: 5587.31
clflush size	: 64
cache_alignment	: 64
address sizes	: 39 bits physical, 48 bits virtual
power management:

processor	: 6
vendor_id	: GenuineIntel
cpu family	: 6
model		: 60
model name	: Intel(R) Core(TM) i7-4810MQ CPU @ 2.80GHz
stepping	: 3
microcode	: 0x1c
cpu MHz		: 2801.000
cache size	: 6144 KB
physical id	: 0
siblings	: 8
core id		: 2
cpu cores	: 4
apicid		: 5
initial apicid	: 5
fpu		: yes
fpu_exception	: yes
cpuid level	: 13
wp		: yes
flags		: fpu vme de pse tsc msr pae mce cx8 apic sep mtrr pge mca cmov pat pse36 clflush dts acpi mmx fxsr sse sse2 ss ht tm pbe syscall nx pdpe1gb rdtscp lm constant_tsc arch_perfmon pebs bts rep_good nopl xtopology nonstop_tsc aperfmperf eagerfpu pni pclmulqdq dtes64 monitor ds_cpl vmx smx est tm2 ssse3 fma cx16 xtpr pdcm pcid sse4_1 sse4_2 x2apic movbe popcnt tsc_deadline_timer aes xsave avx f16c rdrand lahf_lm abm ida arat epb xsaveopt pln pts dtherm tpr_shadow vnmi flexpriority ept vpid fsgsbase tsc_adjust bmi1 avx2 smep bmi2 erms invpcid
bogomips	: 5587.31
clflush size	: 64
cache_alignment	: 64
address sizes	: 39 bits physical, 48 bits virtual
power management:

processor	: 7
vendor_id	: GenuineIntel
cpu family	: 6
model		: 60
model name	: Intel(R) Core(TM) i7-4810MQ CPU @ 2.80GHz
stepping	: 3
microcode	: 0x1c
cpu MHz		: 1200.000
cache size	: 6144 KB
physical id	: 0
siblings	: 8
core id		: 3
cpu cores	: 4
apicid		: 7
initial apicid	: 7
fpu		: yes
fpu_exception	: yes
cpuid level	: 13
wp		: yes
flags		: fpu vme de pse tsc msr pae mce cx8 apic sep mtrr pge mca cmov pat pse36 clflush dts acpi mmx fxsr sse sse2 ss ht tm pbe syscall nx pdpe1gb rdtscp lm constant_tsc arch_perfmon pebs bts rep_good nopl xtopology nonstop_tsc aperfmperf eagerfpu pni pclmulqdq dtes64 monitor ds_cpl vmx smx est tm2 ssse3 fma cx16 xtpr pdcm pcid sse4_1 sse4_2 x2apic movbe popcnt tsc_deadline_timer aes xsave avx f16c rdrand lahf_lm abm ida arat epb xsaveopt pln pts dtherm tpr_shadow vnmi flexpriority ept vpid fsgsbase tsc_adjust bmi1 avx2 smep bmi2 erms invpcid
bogomips	: 5587.31
clflush size	: 64
cache_alignment	: 64
address sizes	: 39 bits physical, 48 bits virtual
power management:



Memory: 4k page, physical 8079704k(102816k free), swap 2047996k(0k free)

vm_info: Java HotSpot(TM) 64-Bit Server VM (24.80-b11) for linux-amd64 JRE (1.7.0_80-b15), built on Apr 10 2015 19:53:14 by "java_re" with gcc 4.3.0 20080428 (Red Hat 4.3.0-8)

time: Tue Dec  1 16:34:00 2015
elapsed time: 42 seconds

